<?xml version="1.0" encoding="UTF-8"?>
<testng-results ignored="0" total="1" passed="1" failed="0" skipped="0">
  <reporter-output>
  </reporter-output>
  <suite started-at="2020-11-05T19:41:37 PKT" name="Default suite" finished-at="2020-11-05T19:42:17 PKT" duration-ms="39276">
    <groups>
    </groups>
    <test started-at="2020-11-05T19:41:37 PKT" name="Default test" finished-at="2020-11-05T19:42:17 PKT" duration-ms="39276">
      <class name="com.zameen.qa.testcases.ExtraFiltersPageTest">
        <test-method is-config="true" signature="setUp()[pri:0, instance:com.zameen.qa.testcases.ExtraFiltersPageTest@47542153]" started-at="2020-11-05T19:41:37 PKT" name="setUp" finished-at="2020-11-05T19:42:00 PKT" duration-ms="22910" status="PASS">
          <reporter-output>
          </reporter-output>
        </test-method> <!-- setUp -->
        <test-method signature="Test2()[pri:1, instance:com.zameen.qa.testcases.ExtraFiltersPageTest@47542153]" started-at="2020-11-05T19:42:00 PKT" name="Test2" finished-at="2020-11-05T19:42:17 PKT" duration-ms="16289" status="PASS">
          <reporter-output>
          </reporter-output>
        </test-method> <!-- Test2 -->
        <test-method is-config="true" signature="tearDown()[pri:0, instance:com.zameen.qa.testcases.ExtraFiltersPageTest@47542153]" started-at="2020-11-05T19:42:17 PKT" name="tearDown" finished-at="2020-11-05T19:42:17 PKT" duration-ms="0" status="PASS">
          <reporter-output>
          </reporter-output>
        </test-method> <!-- tearDown -->
      </class> <!-- com.zameen.qa.testcases.ExtraFiltersPageTest -->
    </test> <!-- Default test -->
  </suite> <!-- Default suite -->
</testng-results>
